
Showing logs for build [32mcb-kubecd-environment-pr-213-34-k2r9m-1[0m stage [32mfrom-build-pack[0m and container [32mstep-credential-initializer-2w5kz[0m
{"level":"info","ts":1588647579.1410623,"logger":"fallback-logger","caller":"logging/config.go:69","msg":"Fetch GitHub commit ID from kodata failed: open /var/run/ko/refs/heads/0.8.0-ns-support: no such file or directory"}
{"level":"info","ts":1588647579.1421583,"logger":"fallback-logger","caller":"creds-init/main.go:40","msg":"Credentials initialized."}

Showing logs for build [32mcb-kubecd-environment-pr-213-34-k2r9m-1[0m stage [32mfrom-build-pack[0m and container [32mstep-working-dir-initializer-v2jqt[0m
{"level":"info","ts":1588647580.5451763,"logger":"fallback-logger","caller":"logging/config.go:69","msg":"Fetch GitHub commit ID from kodata failed: open /var/run/ko/HEAD: no such file or directory"}
{"level":"info","ts":1588647580.5467422,"logger":"fallback-logger","caller":"bash/main.go:64","msg":"Successfully executed command \"sh -c mkdir -p /workspace/source\"; output "}

Showing logs for build [32mcb-kubecd-environment-pr-213-34-k2r9m-1[0m stage [32mfrom-build-pack[0m and container [32mstep-place-tools[0m

Showing logs for build [32mcb-kubecd-environment-pr-213-34-k2r9m-1[0m stage [32mfrom-build-pack[0m and container [32mstep-git-source-cb-kubecd-environment-pr-213-34-k2r9m-gpmj2[0m
{"level":"info","ts":1588647584.6605506,"logger":"fallback-logger","caller":"logging/config.go:69","msg":"Fetch GitHub commit ID from kodata failed: open /var/run/ko/refs/heads/0.8.0-ns-support: no such file or directory"}
{"level":"info","ts":1588647585.7633352,"logger":"fallback-logger","caller":"git/git.go:103","msg":"Successfully cloned https://github.com/cb-kubecd/environment-pr-213-34-boot-vault-gke-staging.git @ master in path /workspace/source"}

Showing logs for build [32mcb-kubecd-environment-pr-213-34-k2r9m-1[0m stage [32mfrom-build-pack[0m and container [32mstep-git-merge[0m
Using SHAs from PULL_REFS=master:42642e0aad4e8ca76898410fc5a51920ab450b54,2:d7f92a5b7cc66309a090beaebe936e59b2fa1ce7
DEBUG: LC_ALL=C JX_LOG_LEVEL=error git fetch origin --unshallow d7f92a5b7cc66309a090beaebe936e59b2fa1ce7: 42642e0aad4e8ca76898410fc5a51920ab450b54:
DEBUG: ran git fetch --unshallow origin d7f92a5b7cc66309a090beaebe936e59b2fa1ce7: 42642e0aad4e8ca76898410fc5a51920ab450b54: in 
DEBUG: LC_ALL=C JX_LOG_LEVEL=error git branch
DEBUG: LC_ALL=C JX_LOG_LEVEL=error git checkout master
DEBUG: ran git checkout master in 
DEBUG: LC_ALL=C JX_LOG_LEVEL=error git reset --hard 42642e0aad4e8ca76898410fc5a51920ab450b54
DEBUG: ran git reset --hard 42642e0aad4e8ca76898410fc5a51920ab450b54 in 
DEBUG: LC_ALL=C JX_LOG_LEVEL=error git clean -fd .
DEBUG: ran clean --force -d . in 
DEBUG: LC_ALL=C JX_LOG_LEVEL=error git merge d7f92a5b7cc66309a090beaebe936e59b2fa1ce7
DEBUG: ran git merge d7f92a5b7cc66309a090beaebe936e59b2fa1ce7 in 
DEBUG: LC_ALL=C JX_LOG_LEVEL=error git log --format=%H%x1f%an%x1f%ae%x1f%cn%x1f%ce%x1f%s%n%b%x1e 42642e0aad4e8ca76898410fc5a51920ab450b54..HEAD
Merged SHA d7f92a5b7cc66309a090beaebe936e59b2fa1ce7 with commit message 'chore: Promote bdd-gh-1588647241 to version 0.0.1' into base branch master

Showing logs for build [32mcb-kubecd-environment-pr-213-34-k2r9m-1[0m stage [32mfrom-build-pack[0m and container [32mstep-build-helm-build[0m
WARNING: No $CHART_REPOSITORY defined so using the default value of: http://jenkins-x-chartmuseum:8080
Adding missing Helm repo: storage.googleapis.com https://storage.googleapis.com/chartmuseum.jenkins-x.io
WARNING: No secrets found on "helm/repos" due: reading the secret "helm/repos" from vault: no secret "helm/repos" not found in vault
Read credentials for https://storage.googleapis.com/chartmuseum.jenkins-x.io from vault helm/repos
Successfully added Helm repository storage.googleapis.com.
Adding missing Helm repo: jenkins-x-chartmuseum http://jenkins-x-chartmuseum:8080
WARNING: No secrets found on "helm/repos" due: reading the secret "helm/repos" from vault: no secret "helm/repos" not found in vault
Read credentials for http://jenkins-x-chartmuseum:8080 from vault helm/repos
Successfully added Helm repository jenkins-x-chartmuseum.
WARNING: No $CHART_REPOSITORY defined so using the default value of: http://jenkins-x-chartmuseum:8080
Adding missing Helm repo: chartmuseum.jenkins-x.io http://chartmuseum.jenkins-x.io
WARNING: No secrets found on "helm/repos" due: reading the secret "helm/repos" from vault: no secret "helm/repos" not found in vault
Read credentials for http://chartmuseum.jenkins-x.io from vault helm/repos
Successfully added Helm repository chartmuseum.jenkins-x.io.
