
Showing logs for build [32mcb-kubecd-environment-pr-213-34-wcxd6-1[0m stage [32mfrom-build-pack[0m and container [32mstep-credential-initializer-2rhp2[0m
{"level":"info","ts":1588648542.7108037,"logger":"fallback-logger","caller":"logging/config.go:69","msg":"Fetch GitHub commit ID from kodata failed: open /var/run/ko/refs/heads/0.8.0-ns-support: no such file or directory"}
{"level":"info","ts":1588648542.7117262,"logger":"fallback-logger","caller":"creds-init/main.go:40","msg":"Credentials initialized."}

Showing logs for build [32mcb-kubecd-environment-pr-213-34-wcxd6-1[0m stage [32mfrom-build-pack[0m and container [32mstep-working-dir-initializer-gj75h[0m
{"level":"info","ts":1588648544.2663398,"logger":"fallback-logger","caller":"logging/config.go:69","msg":"Fetch GitHub commit ID from kodata failed: open /var/run/ko/HEAD: no such file or directory"}
{"level":"info","ts":1588648544.2681673,"logger":"fallback-logger","caller":"bash/main.go:64","msg":"Successfully executed command \"sh -c mkdir -p /workspace/source\"; output "}

Showing logs for build [32mcb-kubecd-environment-pr-213-34-wcxd6-1[0m stage [32mfrom-build-pack[0m and container [32mstep-place-tools[0m

Showing logs for build [32mcb-kubecd-environment-pr-213-34-wcxd6-1[0m stage [32mfrom-build-pack[0m and container [32mstep-git-source-cb-kubecd-environment-pr-213-34-wcxd6-tzvfn[0m
{"level":"info","ts":1588648549.5775456,"logger":"fallback-logger","caller":"logging/config.go:69","msg":"Fetch GitHub commit ID from kodata failed: open /var/run/ko/refs/heads/0.8.0-ns-support: no such file or directory"}
{"level":"info","ts":1588648550.7367218,"logger":"fallback-logger","caller":"git/git.go:103","msg":"Successfully cloned https://github.com/cb-kubecd/environment-pr-213-34-boot-vault-gke-staging.git @ master in path /workspace/source"}

Showing logs for build [32mcb-kubecd-environment-pr-213-34-wcxd6-1[0m stage [32mfrom-build-pack[0m and container [32mstep-git-merge[0m
Using SHAs from PULL_REFS=master:7d91da10ca7e6390e1d54d09393bbeb001960d09,3:816862b854f512f8d1d9b601ee6d4ddc3626027c
DEBUG: JX_LOG_LEVEL=error LC_ALL=C git fetch origin --unshallow 816862b854f512f8d1d9b601ee6d4ddc3626027c: 7d91da10ca7e6390e1d54d09393bbeb001960d09:
DEBUG: ran git fetch --unshallow origin 816862b854f512f8d1d9b601ee6d4ddc3626027c: 7d91da10ca7e6390e1d54d09393bbeb001960d09: in 
DEBUG: LC_ALL=C JX_LOG_LEVEL=error git branch
DEBUG: JX_LOG_LEVEL=error LC_ALL=C git checkout master
DEBUG: ran git checkout master in 
DEBUG: LC_ALL=C JX_LOG_LEVEL=error git reset --hard 7d91da10ca7e6390e1d54d09393bbeb001960d09
DEBUG: ran git reset --hard 7d91da10ca7e6390e1d54d09393bbeb001960d09 in 
DEBUG: LC_ALL=C JX_LOG_LEVEL=error git clean -fd .
DEBUG: ran clean --force -d . in 
DEBUG: LC_ALL=C JX_LOG_LEVEL=error git merge 816862b854f512f8d1d9b601ee6d4ddc3626027c
DEBUG: ran git merge 816862b854f512f8d1d9b601ee6d4ddc3626027c in 
DEBUG: LC_ALL=C JX_LOG_LEVEL=error git log --format=%H%x1f%an%x1f%ae%x1f%cn%x1f%ce%x1f%s%n%b%x1e 7d91da10ca7e6390e1d54d09393bbeb001960d09..HEAD
Merged SHA 816862b854f512f8d1d9b601ee6d4ddc3626027c with commit message 'chore: Promote bdd-sbhg-1588647241 to version 0.0.1' into base branch master

Showing logs for build [32mcb-kubecd-environment-pr-213-34-wcxd6-1[0m stage [32mfrom-build-pack[0m and container [32mstep-build-helm-build[0m
WARNING: No $CHART_REPOSITORY defined so using the default value of: http://jenkins-x-chartmuseum:8080
Adding missing Helm repo: storage.googleapis.com https://storage.googleapis.com/chartmuseum.jenkins-x.io
WARNING: No secrets found on "helm/repos" due: reading the secret "helm/repos" from vault: no secret "helm/repos" not found in vault
Read credentials for https://storage.googleapis.com/chartmuseum.jenkins-x.io from vault helm/repos
Successfully added Helm repository storage.googleapis.com.
Adding missing Helm repo: jenkins-x-chartmuseum http://jenkins-x-chartmuseum:8080
WARNING: No secrets found on "helm/repos" due: reading the secret "helm/repos" from vault: no secret "helm/repos" not found in vault
Read credentials for http://jenkins-x-chartmuseum:8080 from vault helm/repos
Successfully added Helm repository jenkins-x-chartmuseum.
WARNING: No $CHART_REPOSITORY defined so using the default value of: http://jenkins-x-chartmuseum:8080
Adding missing Helm repo: chartmuseum.jenkins-x.io http://chartmuseum.jenkins-x.io
WARNING: No secrets found on "helm/repos" due: reading the secret "helm/repos" from vault: no secret "helm/repos" not found in vault
Read credentials for http://chartmuseum.jenkins-x.io from vault helm/repos
Successfully added Helm repository chartmuseum.jenkins-x.io.
