
Showing logs for build [32mcb-kubecd-environment-pr-213-34-rmz9b-1[0m stage [32mfrom-build-pack[0m and container [32mstep-credential-initializer-99qcg[0m
{"level":"info","ts":1588646157.828774,"logger":"fallback-logger","caller":"logging/config.go:69","msg":"Fetch GitHub commit ID from kodata failed: open /var/run/ko/refs/heads/0.8.0-ns-support: no such file or directory"}
{"level":"info","ts":1588646157.8298657,"logger":"fallback-logger","caller":"creds-init/main.go:40","msg":"Credentials initialized."}

Showing logs for build [32mcb-kubecd-environment-pr-213-34-rmz9b-1[0m stage [32mfrom-build-pack[0m and container [32mstep-working-dir-initializer-wdhvl[0m
{"level":"info","ts":1588646158.837278,"logger":"fallback-logger","caller":"logging/config.go:69","msg":"Fetch GitHub commit ID from kodata failed: open /var/run/ko/HEAD: no such file or directory"}
{"level":"info","ts":1588646158.8389401,"logger":"fallback-logger","caller":"bash/main.go:64","msg":"Successfully executed command \"sh -c mkdir -p /workspace/source\"; output "}

Showing logs for build [32mcb-kubecd-environment-pr-213-34-rmz9b-1[0m stage [32mfrom-build-pack[0m and container [32mstep-place-tools[0m

Showing logs for build [32mcb-kubecd-environment-pr-213-34-rmz9b-1[0m stage [32mfrom-build-pack[0m and container [32mstep-git-source-cb-kubecd-environment-pr-213-34-rmz9b-bx6b6[0m
{"level":"info","ts":1588646184.9384394,"logger":"fallback-logger","caller":"logging/config.go:69","msg":"Fetch GitHub commit ID from kodata failed: open /var/run/ko/refs/heads/0.8.0-ns-support: no such file or directory"}
{"level":"info","ts":1588646186.0127232,"logger":"fallback-logger","caller":"git/git.go:103","msg":"Successfully cloned https://github.com/cb-kubecd/environment-pr-213-34-boot-vault-gke-staging.git @ master in path /workspace/source"}

Showing logs for build [32mcb-kubecd-environment-pr-213-34-rmz9b-1[0m stage [32mfrom-build-pack[0m and container [32mstep-git-merge[0m
Using SHAs from PULL_REFS=master:1c645eceb2d8f833ef05d0f26ab7037a6ebb01a4,1:52299366961b1bee13bc80883a4c0d1483d0c9b6
DEBUG: LC_ALL=C JX_LOG_LEVEL=error git fetch origin --unshallow 52299366961b1bee13bc80883a4c0d1483d0c9b6: 1c645eceb2d8f833ef05d0f26ab7037a6ebb01a4:
DEBUG: ran git fetch --unshallow origin 52299366961b1bee13bc80883a4c0d1483d0c9b6: 1c645eceb2d8f833ef05d0f26ab7037a6ebb01a4: in 
DEBUG: LC_ALL=C JX_LOG_LEVEL=error git branch
DEBUG: LC_ALL=C JX_LOG_LEVEL=error git checkout master
DEBUG: ran git checkout master in 
DEBUG: LC_ALL=C JX_LOG_LEVEL=error git reset --hard 1c645eceb2d8f833ef05d0f26ab7037a6ebb01a4
DEBUG: ran git reset --hard 1c645eceb2d8f833ef05d0f26ab7037a6ebb01a4 in 
DEBUG: LC_ALL=C JX_LOG_LEVEL=error git clean -fd .
DEBUG: ran clean --force -d . in 
DEBUG: LC_ALL=C JX_LOG_LEVEL=error git merge 52299366961b1bee13bc80883a4c0d1483d0c9b6
DEBUG: ran git merge 52299366961b1bee13bc80883a4c0d1483d0c9b6 in 
DEBUG: LC_ALL=C JX_LOG_LEVEL=error git log --format=%H%x1f%an%x1f%ae%x1f%cn%x1f%ce%x1f%s%n%b%x1e 1c645eceb2d8f833ef05d0f26ab7037a6ebb01a4..HEAD
Merged SHA 52299366961b1bee13bc80883a4c0d1483d0c9b6 with commit message 'chore: Promote bdd-spring-1588645793 to version 0.0.1' into base branch master

Showing logs for build [32mcb-kubecd-environment-pr-213-34-rmz9b-1[0m stage [32mfrom-build-pack[0m and container [32mstep-build-helm-build[0m
WARNING: No $CHART_REPOSITORY defined so using the default value of: http://jenkins-x-chartmuseum:8080
Adding missing Helm repo: storage.googleapis.com https://storage.googleapis.com/chartmuseum.jenkins-x.io
WARNING: No secrets found on "helm/repos" due: reading the secret "helm/repos" from vault: no secret "helm/repos" not found in vault
Read credentials for https://storage.googleapis.com/chartmuseum.jenkins-x.io from vault helm/repos
Successfully added Helm repository storage.googleapis.com.
Adding missing Helm repo: jenkins-x-chartmuseum http://jenkins-x-chartmuseum:8080
WARNING: No secrets found on "helm/repos" due: reading the secret "helm/repos" from vault: no secret "helm/repos" not found in vault
Read credentials for http://jenkins-x-chartmuseum:8080 from vault helm/repos
Successfully added Helm repository jenkins-x-chartmuseum.
WARNING: No $CHART_REPOSITORY defined so using the default value of: http://jenkins-x-chartmuseum:8080
Adding missing Helm repo: chartmuseum.jenkins-x.io http://chartmuseum.jenkins-x.io
WARNING: No secrets found on "helm/repos" due: reading the secret "helm/repos" from vault: no secret "helm/repos" not found in vault
Read credentials for http://chartmuseum.jenkins-x.io from vault helm/repos
Successfully added Helm repository chartmuseum.jenkins-x.io.
